showing Recent Issues
Sandbox: rsync.samba(31249) deny(1) file-write-create /Users/felixmacos/Library/Developer/Xcode/DerivedData/ZenThea-cqcxyecdpqbruycxildxegxkdxuk/Build/Products/Debug-iphonesimulator/ZenThea.app/Frameworks/InputBarAccessoryView.framework/_CodeSignature
error: Sandbox: rsync.samba(87805) deny(1) file-write-create /Users/felixmacos/Library/Developer/Xcode/DerivedData/ZenThea-cqcxyecdpqbruycxildxegxkdxuk/Build/Products/Debug-iphonesimulator/ZenThea.app/Frameworks/InputBarAccessoryView.framework/_CodeSignature (in target 'ZenThea' from project 'ZenThea')
build failed
Showing Recent Messages
Sandbox: rsync.samba(88867) deny(1) file-write-create /Users/felixmacos/Library/Developer/Xcode/DerivedData/ZenThea-cqcxyecdpqbruycxildxegxkdxuk/Build/Products/Debug-iphonesimulator/ZenThea.app/Frameworks/InputBarAccessoryView.framework/.Info.plist.eUtsSw
Showing Recent Messages
Sandbox: rsync.samba(88867) deny(1) file-write-create /Users/felixmacos/Library/Developer/Xcode/DerivedData/ZenThea-cqcxyecdpqbruycxildxegxkdxuk/Build/Products/Debug-iphonesimulator/ZenThea.app/Frameworks/InputBarAccessoryView.framework/.InputBarAccessoryView.0iGSiI
build failed
Showing Recent Messages
Sandbox: rsync.samba(89859) deny(1) file-write-create /Users/felixmacos/Library/Developer/Xcode/DerivedData/ZenThea-cqcxyecdpqbruycxildxegxkdxuk/Build/Products/Debug-iphonesimulator/ZenThea.app/Frameworks/InputBarAccessoryView.framework/.Info.plist.PZyekM
Showing Recent Messages
Sandbox: rsync.samba(89859) deny(1) file-write-create /Users/felixmacos/Library/Developer/Xcode/DerivedData/ZenThea-cqcxyecdpqbruycxildxegxkdxuk/Build/Products/Debug-iphonesimulator/ZenThea.app/Frameworks/InputBarAccessoryView.framework/.InputBarAccessoryView.iwsKY6
build failed
Showing Recent Messages
rsync error: some files could not be transferred (code 23) at /AppleInternal/Library/BuildRoots/b11baf73-9ee0-11ef-b7b4-7aebe1f78c73/Library/Caches/com.apple.xbs/Sources/rsync/rsync/main.c(996) [sender=2.6.9]
Showing Recent Messages
Sandbox: rsync.samba(91143) deny(1) file-write-create /Users/felixmacos/Library/Developer/Xcode/DerivedData/ZenThea-cqcxyecdpqbruycxildxegxkdxuk/Build/Products/Debug-iphonesimulator/ZenThea.app/Frameworks/InputBarAccessoryView.framework/.Info.plist.uVGMxY
Showing Recent Messages
Sandbox: rsync.samba(91143) deny(1) file-write-create /Users/felixmacos/Library/Developer/Xcode/DerivedData/ZenThea-cqcxyecdpqbruycxildxegxkdxuk/Build/Products/Debug-iphonesimulator/ZenThea.app/Frameworks/InputBarAccessoryView.framework/.InputBarAccessoryView.38AXSn
build failed
Showing Recent Messages
rsync error: some files could not be transferred (code 23) at /AppleInternal/Library/BuildRoots/b11baf73-9ee0-11ef-b7b4-7aebe1f78c73/Library/Caches/com.apple.xbs/Sources/rsync/rsync/main.c(996) [sender=2.6.9]
Showing Recent Messages
Command PhaseScriptExecution failed with a nonzero exit code
build failed
Showing Recent Messages
PhaseScriptExecution [CP]\ Embed\ Pods\ Frameworks /Users/felixmacos/Library/Developer/Xcode/DerivedData/ZenThea-cqcxyecdpqbruycxildxegxkdxuk/Build/Intermediates.noindex/ZenThea.build/Debug-iphonesimulator/ZenThea.build/Script-3C761259D3021D494987E0E8.sh (in target 'ZenThea' from project 'ZenThea')
    cd /Users/felixmacos/Documents/GitHub/ZenThea__/ZenThea
    /usr/bin/sandbox-exec -D SCRIPT_OUTPUT_FILE_0\=/Users/felixmacos/Library/Developer/Xcode/DerivedData/ZenThea-cqcxyecdpqbruycxildxegxkdxuk/Build/Products/Debug-iphonesimulator/ZenThea.app/Frameworks/InputBarAccessoryView.framework -D SCRIPT_OUTPUT_FILE_1\=/Users/felixmacos/Library/Developer/Xcode/DerivedData/ZenThea-cqcxyecdpqbruycxildxegxkdxuk/Build/Products/Debug-iphonesimulator/ZenThea.app/Frameworks/MessageKit.framework -D SCRIPT_INPUT_FILE_0\=/Users/felixmacos/Documents/GitHub/ZenThea__/ZenThea/Pods/Target\ Support\ Files/Pods-ZenThea/Pods-ZenThea-frameworks-Debug-input-files.xcfilelist -D SCRIPT_INPUT_FILE_1\=/Users/felixmacos/Documents/GitHub/ZenThea__/ZenThea/Pods/Target\ Support\ Files/Pods-ZenThea/Pods-ZenThea-frameworks-Debug-output-files.xcfilelist -D SCRIPT_INPUT_FILE_2\=/Users/felixmacos/Documents/GitHub/ZenThea__/ZenThea/Pods/Target\ Support\ Files/Pods-ZenThea/Pods-ZenThea-frameworks.sh -D SCRIPT_INPUT_FILE_3\=/Users/felixmacos/Library/Developer/Xcode/DerivedData/ZenThea-cqcxyecdpqbruycxildxegxkdxuk/Build/Products/Debug-iphonesimulator/InputBarAccessoryView/InputBarAccessoryView.framework -D SCRIPT_INPUT_FILE_4\=/Users/felixmacos/Library/Developer/Xcode/DerivedData/ZenThea-cqcxyecdpqbruycxildxegxkdxuk/Build/Products/Debug-iphonesimulator/MessageKit/MessageKit.framework -D SCRIPT_INPUT_FILE_5\=/Users/felixmacos/Library/Developer/Xcode/DerivedData/ZenThea-cqcxyecdpqbruycxildxegxkdxuk/Build/Intermediates.noindex/ZenThea.build/Debug-iphonesimulator/ZenThea.build/InputFileList-3C761259D3021D494987E0E8-Pods-ZenThea-frameworks-Debug-input-files-2ec5d6ab48aaeb32316f84444a6ec6cc-resolved.xcfilelist -D SCRIPT_INPUT_FILE_6\=/Users/felixmacos/Library/Developer/Xcode/DerivedData/ZenThea-cqcxyecdpqbruycxildxegxkdxuk/Build/Intermediates.noindex/ZenThea.build/Debug-iphonesimulator/ZenThea.build/OutputFileList-3C761259D3021D494987E0E8-Pods-ZenThea-frameworks-Debug-output-files-e485bd0089b873f22bde9efa1a67d026-resolved.xcfilelist -D SCRIPT_INPUT_FILE_7\=/Users/felixmacos/Library/Developer/Xcode/DerivedData/ZenThea-cqcxyecdpqbruycxildxegxkdxuk/Build/Intermediates.noindex/ZenThea.build/Debug-iphonesimulator/ZenThea.build/Script-3C761259D3021D494987E0E8.sh -D SCRIPT_INPUT_ANCESTOR_0\=/ -D SCRIPT_INPUT_ANCESTOR_1\=/Users -D SCRIPT_INPUT_ANCESTOR_2\=/Users/felixmacos -D SCRIPT_INPUT_ANCESTOR_3\=/Users/felixmacos/Documents -D SCRIPT_INPUT_ANCESTOR_4\=/Users/felixmacos/Documents/GitHub -D SCRIPT_INPUT_ANCESTOR_5\=/Users/felixmacos/Documents/GitHub/ZenThea__ -D SCRIPT_INPUT_ANCESTOR_6\=/Users/felixmacos/Documents/GitHub/ZenThea__/ZenThea -D SCRIPT_INPUT_ANCESTOR_7\=/Users/felixmacos/Documents/GitHub/ZenThea__/ZenThea/Pods -D SCRIPT_INPUT_ANCESTOR_8\=/Users/felixmacos/Documents/GitHub/ZenThea__/ZenThea/Pods/Target\ Support\ Files -D SCRIPT_INPUT_ANCESTOR_9\=/Users/felixmacos/Documents/GitHub/ZenThea__/ZenThea/Pods/Target\ Support\ Files/Pods-ZenThea -D SCRIPT_INPUT_ANCESTOR_10\=/Users/felixmacos/Library -D SCRIPT_INPUT_ANCESTOR_11\=/Users/felixmacos/Library/Developer -D SCRIPT_INPUT_ANCESTOR_12\=/Users/felixmacos/Library/Developer/Xcode -D SCRIPT_INPUT_ANCESTOR_13\=/Users/felixmacos/Library/Developer/Xcode/DerivedData -D SCRIPT_INPUT_ANCESTOR_14\=/Users/felixmacos/Library/Developer/Xcode/DerivedData/ZenThea-cqcxyecdpqbruycxildxegxkdxuk -D SCRIPT_INPUT_ANCESTOR_15\=/Users/felixmacos/Library/Developer/Xcode/DerivedData/ZenThea-cqcxyecdpqbruycxildxegxkdxuk/Build -D SCRIPT_INPUT_ANCESTOR_16\=/Users/felixmacos/Library/Developer/Xcode/DerivedData/ZenThea-cqcxyecdpqbruycxildxegxkdxuk/Build/Intermediates.noindex -D SCRIPT_INPUT_ANCESTOR_17\=/Users/felixmacos/Library/Developer/Xcode/DerivedData/ZenThea-cqcxyecdpqbruycxildxegxkdxuk/Build/Intermediates.noindex/ZenThea.build -D SCRIPT_INPUT_ANCESTOR_18\=/Users/felixmacos/Library/Developer/Xcode/DerivedData/ZenThea-cqcxyecdpqbruycxildxegxkdxuk/Build/Intermediates.noindex/ZenThea.build/Debug-iphonesimulator -D SCRIPT_INPUT_ANCESTOR_19\=/Users/felixmacos/Library/Developer/Xcode/DerivedData/ZenThea-cqcxyecdpqbruycxildxegxkdxuk/Build/Intermediates.noindex/ZenThea.build/Debug-iphonesimulator/ZenThea.build -D SCRIPT_INPUT_ANCESTOR_20\=/Users/felixmacos/Library/Developer/Xcode/DerivedData/ZenThea-cqcxyecdpqbruycxildxegxkdxuk/Build/Products -D SCRIPT_INPUT_ANCESTOR_21\=/Users/felixmacos/Library/Developer/Xcode/DerivedData/ZenThea-cqcxyecdpqbruycxildxegxkdxuk/Build/Products/Debug-iphonesimulator -D SCRIPT_INPUT_ANCESTOR_22\=/Users/felixmacos/Library/Developer/Xcode/DerivedData/ZenThea-cqcxyecdpqbruycxildxegxkdxuk/Build/Products/Debug-iphonesimulator/InputBarAccessoryView -D SCRIPT_INPUT_ANCESTOR_23\=/Users/felixmacos/Library/Developer/Xcode/DerivedData/ZenThea-cqcxyecdpqbruycxildxegxkdxuk/Build/Products/Debug-iphonesimulator/MessageKit -D SCRIPT_OUTPUT_ANCESTOR_0\=/ -D SCRIPT_OUTPUT_ANCESTOR_1\=/Users -D SCRIPT_OUTPUT_ANCESTOR_2\=/Users/felixmacos -D SCRIPT_OUTPUT_ANCESTOR_3\=/Users/felixmacos/Library -D SCRIPT_OUTPUT_ANCESTOR_4\=/Users/felixmacos/Library/Developer -D SCRIPT_OUTPUT_ANCESTOR_5\=/Users/felixmacos/Library/Developer/Xcode -D SCRIPT_OUTPUT_ANCESTOR_6\=/Users/felixmacos/Library/Developer/Xcode/DerivedData -D SCRIPT_OUTPUT_ANCESTOR_7\=/Users/felixmacos/Library/Developer/Xcode/DerivedData/ZenThea-cqcxyecdpqbruycxildxegxkdxuk -D SCRIPT_OUTPUT_ANCESTOR_8\=/Users/felixmacos/Library/Developer/Xcode/DerivedData/ZenThea-cqcxyecdpqbruycxildxegxkdxuk/Build -D SCRIPT_OUTPUT_ANCESTOR_9\=/Users/felixmacos/Library/Developer/Xcode/DerivedData/ZenThea-cqcxyecdpqbruycxildxegxkdxuk/Build/Products -D SCRIPT_OUTPUT_ANCESTOR_10\=/Users/felixmacos/Library/Developer/Xcode/DerivedData/ZenThea-cqcxyecdpqbruycxildxegxkdxuk/Build/Products/Debug-iphonesimulator -D SCRIPT_OUTPUT_ANCESTOR_11\=/Users/felixmacos/Library/Developer/Xcode/DerivedData/ZenThea-cqcxyecdpqbruycxildxegxkdxuk/Build/Products/Debug-iphonesimulator/ZenThea.app -D SCRIPT_OUTPUT_ANCESTOR_12\=/Users/felixmacos/Library/Developer/Xcode/DerivedData/ZenThea-cqcxyecdpqbruycxildxegxkdxuk/Build/Products/Debug-iphonesimulator/ZenThea.app/Frameworks -D SRCROOT\=/Users/felixmacos/Documents/GitHub/ZenThea__/ZenThea -D PROJECT_DIR\=/Users/felixmacos/Documents/GitHub/ZenThea__/ZenThea -D OBJROOT\=/Users/felixmacos/Library/Developer/Xcode/DerivedData/ZenThea-cqcxyecdpqbruycxildxegxkdxuk/Build/Intermediates.noindex -D SYMROOT\=/Users/felixmacos/Library/Developer/Xcode/DerivedData/ZenThea-cqcxyecdpqbruycxildxegxkdxuk/Build/Products -D DSTROOT\=/tmp/ZenThea.dst -D SHARED_PRECOMPS_DIR\=/Users/felixmacos/Library/Developer/Xcode/DerivedData/ZenThea-cqcxyecdpqbruycxildxegxkdxuk/Build/Intermediates.noindex/PrecompiledHeaders -D CACHE_ROOT\=/var/folders/7z/7tmncp8x7dv336_5621232jm0000gn/C/com.apple.DeveloperTools/16.2-16C5032a/Xcode -D CONFIGURATION_BUILD_DIR\=/Users/felixmacos/Library/Developer/Xcode/DerivedData/ZenThea-cqcxyecdpqbruycxildxegxkdxuk/Build/Products/Debug-iphonesimulator -D CONFIGURATION_TEMP_DIR\=/Users/felixmacos/Library/Developer/Xcode/DerivedData/ZenThea-cqcxyecdpqbruycxildxegxkdxuk/Build/Intermediates.noindex/ZenThea.build/Debug-iphonesimulator -D LOCROOT\=/Users/felixmacos/Documents/GitHub/ZenThea__/ZenThea -D LOCSYMROOT\=/Users/felixmacos/Documents/GitHub/ZenThea__/ZenThea -D INDEX_PRECOMPS_DIR\=/Users/felixmacos/Library/Developer/Xcode/DerivedData/ZenThea-cqcxyecdpqbruycxildxegxkdxuk/Index.noindex/PrecompiledHeaders -D INDEX_DATA_STORE_DIR\=/Users/felixmacos/Library/Developer/Xcode/DerivedData/ZenThea-cqcxyecdpqbruycxildxegxkdxuk/Index.noindex/DataStore -D TEMP_DIR\=/Users/felixmacos/Library/Developer/Xcode/DerivedData/ZenThea-cqcxyecdpqbruycxildxegxkdxuk/Build/Intermediates.noindex/ZenThea.build/Debug-iphonesimulator/ZenThea.build -D TARGET_TEMP_DIR\=/Users/felixmacos/Library/Developer/Xcode/DerivedData/ZenThea-cqcxyecdpqbruycxildxegxkdxuk/Build/Intermediates.noindex/ZenThea.build/Debug-iphonesimulator/ZenThea.build -D DERIVED_FILE_DIR\=/Users/felixmacos/Library/Developer/Xcode/DerivedData/ZenThea-cqcxyecdpqbruycxildxegxkdxuk/Build/Intermediates.noindex/ZenThea.build/Debug-iphonesimulator/ZenThea.build/DerivedSources -f /Users/felixmacos/Library/Developer/Xcode/DerivedData/ZenThea-cqcxyecdpqbruycxildxegxkdxuk/Build/Intermediates.noindex/ZenThea.build/Debug-iphonesimulator/ZenThea.build/99c58f60e818ca606074ec37656cfc1b.sb /bin/sh -c /Users/felixmacos/Library/Developer/Xcode/DerivedData/ZenThea-cqcxyecdpqbruycxildxegxkdxuk/Build/Intermediates.noindex/ZenThea.build/Debug-iphonesimulator/ZenThea.build/Script-3C761259D3021D494987E0E8.sh
error: Sandbox: rsync.samba(92053) deny(1) file-write-create /Users/felixmacos/Library/Developer/Xcode/DerivedData/ZenThea-cqcxyecdpqbruycxildxegxkdxuk/Build/Products/Debug-iphonesimulator/ZenThea.app/Frameworks/InputBarAccessoryView.framework/.Info.plist.vipGqe (in target 'ZenThea' from project 'ZenThea')
error: Sandbox: rsync.samba(92053) deny(1) file-write-create /Users/felixmacos/Library/Developer/Xcode/DerivedData/ZenThea-cqcxyecdpqbruycxildxegxkdxuk/Build/Products/Debug-iphonesimulator/ZenThea.app/Frameworks/InputBarAccessoryView.framework/.InputBarAccessoryView.t7ATxB (in target 'ZenThea' from project 'ZenThea')
mkdir -p /Users/felixmacos/Library/Developer/Xcode/DerivedData/ZenThea-cqcxyecdpqbruycxildxegxkdxuk/Build/Products/Debug-iphonesimulator/ZenThea.app/Frameworks
rsync --delete -av --filter P .*.?????? --links --filter "- CVS/" --filter "- .svn/" --filter "- .git/" --filter "- .hg/" --filter "- Headers" --filter "- PrivateHeaders" --filter "- Modules" "/Users/felixmacos/Library/Developer/Xcode/DerivedData/ZenThea-cqcxyecdpqbruycxildxegxkdxuk/Build/Products/Debug-iphonesimulator/InputBarAccessoryView/InputBarAccessoryView.framework" "/Users/felixmacos/Library/Developer/Xcode/DerivedData/ZenThea-cqcxyecdpqbruycxildxegxkdxuk/Build/Products/Debug-iphonesimulator/ZenThea.app/Frameworks"
building file list ... done
InputBarAccessoryView.framework/
InputBarAccessoryView.framework/Info.plist
InputBarAccessoryView.framework/InputBarAccessoryView
rsync: mkstemp "/Users/felixmacos/Library/Developer/Xcode/DerivedData/ZenThea-cqcxyecdpqbruycxildxegxkdxuk/Build/Products/Debug-iphonesimulator/ZenThea.app/Frameworks/InputBarAccessoryView.framework/.Info.plist.vipGqe" failed: Operation not permitted (1)
rsync: mkstemp "/Users/felixmacos/Library/Developer/Xcode/DerivedData/ZenThea-cqcxyecdpqbruycxildxegxkdxuk/Build/Products/Debug-iphonesimulator/ZenThea.app/Frameworks/InputBarAccessoryView.framework/.InputBarAccessoryView.t7ATxB" failed: Operation not permitted (1)
sent 1366834 bytes  received 70 bytes  2733808.00 bytes/sec
total size is 1366405  speedup is 1.00
rsync error: some files could not be transferred (code 23) at /AppleInternal/Library/BuildRoots/b11baf73-9ee0-11ef-b7b4-7aebe1f78c73/Library/Caches/com.apple.xbs/Sources/rsync/rsync/main.c(996) [sender=2.6.9]
mkdir -p /Users/felixmacos/Library/Developer/Xcode/DerivedData/ZenThea-cqcxyecdpqbruycxildxegxkdxuk/Build/Products/Debug-iphonesimulator/ZenThea.app/Frameworks
rsync --delete -av --filter P .*.?????? --links --filter "- CVS/" --filter "- .svn/" --filter "- .git/" --filter "- .hg/" --filter "- Headers" --filter "- PrivateHeaders" --filter "- Modules" "/Users/felixmacos/Library/Developer/Xcode/DerivedData/ZenThea-cqcxyecdpqbruycxildxegxkdxuk/Build/Products/Debug-iphonesimulator/InputBarAccessoryView/InputBarAccessoryView.framework" "/Users/felixmacos/Library/Developer/Xcode/DerivedData/ZenThea-cqcxyecdpqbruycxildxegxkdxuk/Build/Products/Debug-iphonesimulator/ZenThea.app/Frameworks"
building file list ... done
InputBarAccessoryView.framework/
InputBarAccessoryView.framework/Info.plist
InputBarAccessoryView.framework/InputBarAccessoryView
rsync: mkstemp "/Users/felixmacos/Library/Developer/Xcode/DerivedData/ZenThea-cqcxyecdpqbruycxildxegxkdxuk/Build/Products/Debug-iphonesimulator/ZenThea.app/Frameworks/InputBarAccessoryView.framework/.Info.plist.vipGqe" failed: Operation not permitted (1)
rsync: mkstemp "/Users/felixmacos/Library/Developer/Xcode/DerivedData/ZenThea-cqcxyecdpqbruycxildxegxkdxuk/Build/Products/Debug-iphonesimulator/ZenThea.app/Frameworks/InputBarAccessoryView.framework/.InputBarAccessoryView.t7ATxB" failed: Operation not permitted (1)
sent 1366834 bytes  received 70 bytes  2733808.00 bytes/sec
total size is 1366405  speedup is 1.00
rsync error: some files could not be transferred (code 23) at /AppleInternal/Library/BuildRoots/b11baf73-9ee0-11ef-b7b4-7aebe1f78c73/Library/Caches/com.apple.xbs/Sources/rsync/rsync/main.c(996) [sender=2.6.9]
Sandbox: rsync.samba(92053) deny(1) file-write-create /Users/felixmacos/Library/Developer/Xcode/DerivedData/ZenThea-cqcxyecdpqbruycxildxegxkdxuk/Build/Products/Debug-iphonesimulator/ZenThea.app/Frameworks/InputBarAccessoryView.framework/.Info.plist.vipGqe
Sandbox: rsync.samba(92053) deny(1) file-write-create /Users/felixmacos/Library/Developer/Xcode/DerivedData/ZenThea-cqcxyecdpqbruycxildxegxkdxuk/Build/Products/Debug-iphonesimulator/ZenThea.app/Frameworks/InputBarAccessoryView.framework/.InputBarAccessoryView.t7ATxB

end